<?xml version="1.0" encoding="UTF-8"?>
<testsuites name="jest tests" tests="1" failures="0" errors="0" time="2.242">
  <testsuite name="src/App.test.js" errors="0" failures="0" skipped="0" timestamp="2024-10-26T17:53:35" time="1.418" tests="1">
    <testcase classname="-renders learn Jenkins link" name="-renders learn Jenkins link" time="0.025">
    </testcase>
  </testsuite>
</testsuites>